<?xml version="1.0" encoding="UTF-8"?>
<!-- Generated by org.testng.reporters.JUnitReportReporter -->
<testsuite skipped="0" hostname="admin106-desktop" name="com.bridgelabz.selenium.LinkedInLogin" tests="1" failures="0" timestamp="2019-12-12T17:02:54 IST" time="4.963" errors="0">
  <testcase name="loginLinkedIn" time="4.963" classname="com.bridgelabz.selenium.LinkedInLogin"/>
</testsuite> <!-- com.bridgelabz.selenium.LinkedInLogin -->
